[07-Sep-2019 16:01:41 UTC] PHP Warning:  Module 'mysqli' already loaded in Unknown on line 0
[07-Sep-2019 12:01:41 America/New_York] PHP Warning:  fopen(count.cnt): failed to open stream: No such file or directory in /home/kjo4622/www/iste240/exer/ex02.php on line 57
[07-Sep-2019 12:01:41 America/New_York] PHP Warning:  fgets() expects parameter 1 to be resource, boolean given in /home/kjo4622/www/iste240/exer/ex02.php on line 58
[07-Sep-2019 12:01:41 America/New_York] PHP Warning:  fclose() expects parameter 1 to be resource, boolean given in /home/kjo4622/www/iste240/exer/ex02.php on line 60
[07-Sep-2019 16:02:35 UTC] PHP Warning:  Module 'mysqli' already loaded in Unknown on line 0
[07-Sep-2019 16:04:36 UTC] PHP Warning:  Module 'mysqli' already loaded in Unknown on line 0
[07-Sep-2019 16:04:39 UTC] PHP Warning:  Module 'mysqli' already loaded in Unknown on line 0
[07-Sep-2019 16:50:41 UTC] PHP Warning:  Module 'mysqli' already loaded in Unknown on line 0
[07-Sep-2019 16:53:28 UTC] PHP Warning:  Module 'mysqli' already loaded in Unknown on line 0
[07-Sep-2019 17:06:08 UTC] PHP Warning:  Module 'mysqli' already loaded in Unknown on line 0
[15-Sep-2019 20:24:47 UTC] PHP Warning:  Module 'mysqli' already loaded in Unknown on line 0
[12-Nov-2019 19:08:30 UTC] PHP Warning:  Module 'mysqli' already loaded in Unknown on line 0
[12-Nov-2019 14:08:30 America/New_York] PHP Warning:  require(./../../../dbConnect.inc): failed to open stream: No such file or directory in /home/kjo4622/www/iste240/exer/orderform.php on line 6
[12-Nov-2019 14:08:30 America/New_York] PHP Fatal error:  require(): Failed opening required './../../../dbConnect.inc' (include_path='.:/usr/local/php5/RIT/includes') in /home/kjo4622/www/iste240/exer/orderform.php on line 6
[01-Dec-2019 20:51:27 UTC] PHP Warning:  Module 'mysqli' already loaded in Unknown on line 0
[01-Dec-2019 15:51:27 America/New_York] PHP Notice:  Undefined variable: path in /home/kjo4622/www/iste240/project2/index.php on line 3
[01-Dec-2019 15:51:27 America/New_York] PHP Notice:  Undefined variable: path in /home/kjo4622/www/iste240/project2/assets/inc/header.php on line 7
[01-Dec-2019 15:51:27 America/New_York] PHP Notice:  Undefined variable: path in /home/kjo4622/www/iste240/project2/assets/inc/header.php on line 8
[01-Dec-2019 15:51:27 America/New_York] PHP Notice:  Undefined variable: path in /home/kjo4622/www/iste240/project2/index.php on line 4
[01-Dec-2019 15:51:27 America/New_York] PHP Warning:  require(../../../dbConnect.inc): failed to open stream: No such file or directory in /home/kjo4622/www/iste240/project2/index.php on line 4
[01-Dec-2019 15:51:27 America/New_York] PHP Fatal error:  require(): Failed opening required '../../../dbConnect.inc' (include_path='.:/usr/local/php5/RIT/includes') in /home/kjo4622/www/iste240/project2/index.php on line 4
[01-Dec-2019 20:51:47 UTC] PHP Warning:  Module 'mysqli' already loaded in Unknown on line 0
[01-Dec-2019 15:51:47 America/New_York] PHP Notice:  Undefined variable: path in /home/kjo4622/www/iste240/project2/index.php on line 3
[01-Dec-2019 15:51:47 America/New_York] PHP Notice:  Undefined variable: path in /home/kjo4622/www/iste240/project2/assets/inc/header.php on line 7
[01-Dec-2019 15:51:47 America/New_York] PHP Notice:  Undefined variable: path in /home/kjo4622/www/iste240/project2/assets/inc/header.php on line 8
[01-Dec-2019 15:51:47 America/New_York] PHP Notice:  Undefined variable: path in /home/kjo4622/www/iste240/project2/index.php on line 4
[01-Dec-2019 15:51:47 America/New_York] PHP Warning:  require(../../../dbConnect.inc): failed to open stream: No such file or directory in /home/kjo4622/www/iste240/project2/index.php on line 4
[01-Dec-2019 15:51:47 America/New_York] PHP Fatal error:  require(): Failed opening required '../../../dbConnect.inc' (include_path='.:/usr/local/php5/RIT/includes') in /home/kjo4622/www/iste240/project2/index.php on line 4
[01-Dec-2019 20:52:23 UTC] PHP Warning:  Module 'mysqli' already loaded in Unknown on line 0
[01-Dec-2019 15:52:23 America/New_York] PHP Notice:  Undefined variable: path in /home/kjo4622/www/iste240/project2/index.php on line 3
[01-Dec-2019 15:52:23 America/New_York] PHP Notice:  Undefined variable: path in /home/kjo4622/www/iste240/project2/assets/inc/header.php on line 7
[01-Dec-2019 15:52:23 America/New_York] PHP Notice:  Undefined variable: path in /home/kjo4622/www/iste240/project2/assets/inc/header.php on line 8
[01-Dec-2019 15:52:23 America/New_York] PHP Notice:  Undefined variable: path in /home/kjo4622/www/iste240/project2/index.php on line 4
[01-Dec-2019 15:52:23 America/New_York] PHP Warning:  require(../../../dbConnect.inc): failed to open stream: No such file or directory in /home/kjo4622/www/iste240/project2/index.php on line 4
[01-Dec-2019 15:52:23 America/New_York] PHP Fatal error:  require(): Failed opening required '../../../dbConnect.inc' (include_path='.:/usr/local/php5/RIT/includes') in /home/kjo4622/www/iste240/project2/index.php on line 4
[01-Dec-2019 20:56:46 UTC] PHP Warning:  Module 'mysqli' already loaded in Unknown on line 0
[01-Dec-2019 15:56:46 America/New_York] PHP Notice:  Undefined variable: path in /home/kjo4622/www/iste240/project2/index.php on line 3
[01-Dec-2019 15:56:46 America/New_York] PHP Notice:  Undefined variable: path in /home/kjo4622/www/iste240/project2/assets/inc/header.php on line 7
[01-Dec-2019 15:56:46 America/New_York] PHP Notice:  Undefined variable: path in /home/kjo4622/www/iste240/project2/assets/inc/header.php on line 8
[01-Dec-2019 15:56:46 America/New_York] PHP Notice:  Undefined variable: path in /home/kjo4622/www/iste240/project2/index.php on line 4
[01-Dec-2019 15:56:46 America/New_York] PHP Warning:  require(../../../dbConnect.inc): failed to open stream: No such file or directory in /home/kjo4622/www/iste240/project2/index.php on line 4
[01-Dec-2019 15:56:46 America/New_York] PHP Fatal error:  require(): Failed opening required '../../../dbConnect.inc' (include_path='.:/usr/local/php5/RIT/includes') in /home/kjo4622/www/iste240/project2/index.php on line 4
[01-Dec-2019 20:57:54 UTC] PHP Warning:  Module 'mysqli' already loaded in Unknown on line 0
[01-Dec-2019 15:57:54 America/New_York] PHP Notice:  Undefined variable: path in /home/kjo4622/www/iste240/project2/index.php on line 3
[01-Dec-2019 15:57:54 America/New_York] PHP Notice:  Undefined variable: path in /home/kjo4622/www/iste240/project2/assets/inc/header.php on line 7
[01-Dec-2019 15:57:54 America/New_York] PHP Notice:  Undefined variable: path in /home/kjo4622/www/iste240/project2/assets/inc/header.php on line 8
[01-Dec-2019 15:57:54 America/New_York] PHP Notice:  Undefined variable: path in /home/kjo4622/www/iste240/project2/index.php on line 4
[01-Dec-2019 15:57:54 America/New_York] PHP Warning:  require(../../../dbConnect.inc): failed to open stream: No such file or directory in /home/kjo4622/www/iste240/project2/index.php on line 4
[01-Dec-2019 15:57:54 America/New_York] PHP Fatal error:  require(): Failed opening required '../../../dbConnect.inc' (include_path='.:/usr/local/php5/RIT/includes') in /home/kjo4622/www/iste240/project2/index.php on line 4
[01-Dec-2019 21:00:09 UTC] PHP Warning:  Module 'mysqli' already loaded in Unknown on line 0
[01-Dec-2019 16:00:09 America/New_York] PHP Notice:  Undefined variable: path in /home/kjo4622/www/iste240/project2/index.php on line 3
[01-Dec-2019 16:00:09 America/New_York] PHP Notice:  Undefined variable: path in /home/kjo4622/www/iste240/project2/assets/inc/header.php on line 7
[01-Dec-2019 16:00:09 America/New_York] PHP Notice:  Undefined variable: path in /home/kjo4622/www/iste240/project2/assets/inc/header.php on line 8
[01-Dec-2019 16:00:09 America/New_York] PHP Notice:  Undefined variable: path in /home/kjo4622/www/iste240/project2/index.php on line 4
[01-Dec-2019 16:00:09 America/New_York] PHP Warning:  require(../../../dbConnect.inc): failed to open stream: No such file or directory in /home/kjo4622/www/iste240/project2/index.php on line 4
[01-Dec-2019 16:00:09 America/New_York] PHP Fatal error:  require(): Failed opening required '../../../dbConnect.inc' (include_path='.:/usr/local/php5/RIT/includes') in /home/kjo4622/www/iste240/project2/index.php on line 4
[01-Dec-2019 21:16:03 UTC] PHP Warning:  Module 'mysqli' already loaded in Unknown on line 0
[01-Dec-2019 16:16:03 America/New_York] PHP Notice:  Undefined variable: path in /home/kjo4622/www/iste240/project2/home.php on line 3
[01-Dec-2019 16:16:03 America/New_York] PHP Notice:  Undefined variable: path in /home/kjo4622/www/iste240/project2/assets/inc/header.php on line 6
[01-Dec-2019 16:16:03 America/New_York] PHP Notice:  Undefined variable: path in /home/kjo4622/www/iste240/project2/assets/inc/header.php on line 7
[01-Dec-2019 16:16:03 America/New_York] PHP Notice:  Undefined variable: path in /home/kjo4622/www/iste240/project2/home.php on line 4
[01-Dec-2019 16:16:03 America/New_York] PHP Warning:  require(../../../dbConnect.inc): failed to open stream: No such file or directory in /home/kjo4622/www/iste240/project2/home.php on line 4
[01-Dec-2019 16:16:03 America/New_York] PHP Fatal error:  require(): Failed opening required '../../../dbConnect.inc' (include_path='.:/usr/local/php5/RIT/includes') in /home/kjo4622/www/iste240/project2/home.php on line 4
[01-Dec-2019 21:17:16 UTC] PHP Warning:  Module 'mysqli' already loaded in Unknown on line 0
[01-Dec-2019 16:17:16 America/New_York] PHP Notice:  Undefined variable: path in /home/kjo4622/www/iste240/project2/home.php on line 3
[01-Dec-2019 16:17:16 America/New_York] PHP Notice:  Undefined variable: path in /home/kjo4622/www/iste240/project2/assets/inc/header.php on line 6
[01-Dec-2019 16:17:16 America/New_York] PHP Notice:  Undefined variable: path in /home/kjo4622/www/iste240/project2/assets/inc/header.php on line 7
[01-Dec-2019 16:17:16 America/New_York] PHP Notice:  Undefined variable: path in /home/kjo4622/www/iste240/project2/home.php on line 4
[01-Dec-2019 16:17:16 America/New_York] PHP Warning:  require(../../../dbConnect.inc): failed to open stream: No such file or directory in /home/kjo4622/www/iste240/project2/home.php on line 4
[01-Dec-2019 16:17:16 America/New_York] PHP Fatal error:  require(): Failed opening required '../../../dbConnect.inc' (include_path='.:/usr/local/php5/RIT/includes') in /home/kjo4622/www/iste240/project2/home.php on line 4
[01-Dec-2019 21:17:20 UTC] PHP Warning:  Module 'mysqli' already loaded in Unknown on line 0
[01-Dec-2019 16:17:20 America/New_York] PHP Notice:  Undefined variable: path in /home/kjo4622/www/iste240/project2/home.php on line 3
[01-Dec-2019 16:17:20 America/New_York] PHP Notice:  Undefined variable: path in /home/kjo4622/www/iste240/project2/assets/inc/header.php on line 6
[01-Dec-2019 16:17:20 America/New_York] PHP Notice:  Undefined variable: path in /home/kjo4622/www/iste240/project2/assets/inc/header.php on line 7
[01-Dec-2019 16:17:20 America/New_York] PHP Notice:  Undefined variable: path in /home/kjo4622/www/iste240/project2/home.php on line 4
[01-Dec-2019 16:17:20 America/New_York] PHP Warning:  require(../../../dbConnect.inc): failed to open stream: No such file or directory in /home/kjo4622/www/iste240/project2/home.php on line 4
[01-Dec-2019 16:17:20 America/New_York] PHP Fatal error:  require(): Failed opening required '../../../dbConnect.inc' (include_path='.:/usr/local/php5/RIT/includes') in /home/kjo4622/www/iste240/project2/home.php on line 4
[01-Dec-2019 21:21:48 UTC] PHP Warning:  Module 'mysqli' already loaded in Unknown on line 0
[01-Dec-2019 16:21:48 America/New_York] PHP Warning:  require(./../../../dbConnect.inc): failed to open stream: No such file or directory in /home/kjo4622/www/iste240/project2/home.php on line 5
[01-Dec-2019 16:21:48 America/New_York] PHP Fatal error:  require(): Failed opening required './../../../dbConnect.inc' (include_path='.:/usr/local/php5/RIT/includes') in /home/kjo4622/www/iste240/project2/home.php on line 5
[01-Dec-2019 21:21:49 UTC] PHP Warning:  Module 'mysqli' already loaded in Unknown on line 0
[01-Dec-2019 16:21:49 America/New_York] PHP Warning:  require(./../../../dbConnect.inc): failed to open stream: No such file or directory in /home/kjo4622/www/iste240/project2/home.php on line 5
[01-Dec-2019 16:21:49 America/New_York] PHP Fatal error:  require(): Failed opening required './../../../dbConnect.inc' (include_path='.:/usr/local/php5/RIT/includes') in /home/kjo4622/www/iste240/project2/home.php on line 5
[01-Dec-2019 21:22:30 UTC] PHP Warning:  Module 'mysqli' already loaded in Unknown on line 0
[01-Dec-2019 16:22:30 America/New_York] PHP Warning:  require(./../../../dbConnect.inc): failed to open stream: No such file or directory in /home/kjo4622/www/iste240/project2/home.php on line 5
[01-Dec-2019 16:22:30 America/New_York] PHP Fatal error:  require(): Failed opening required './../../../dbConnect.inc' (include_path='.:/usr/local/php5/RIT/includes') in /home/kjo4622/www/iste240/project2/home.php on line 5
[02-Dec-2019 21:30:38 UTC] PHP Warning:  Module 'mysqli' already loaded in Unknown on line 0
[02-Dec-2019 16:30:38 America/New_York] PHP Warning:  require(./../../../dbConnect.inc): failed to open stream: No such file or directory in /home/kjo4622/www/iste240/project2/home.php on line 5
[02-Dec-2019 16:30:38 America/New_York] PHP Fatal error:  require(): Failed opening required './../../../dbConnect.inc' (include_path='.:/usr/local/php5/RIT/includes') in /home/kjo4622/www/iste240/project2/home.php on line 5
[02-Dec-2019 21:30:54 UTC] PHP Warning:  Module 'mysqli' already loaded in Unknown on line 0
[02-Dec-2019 16:30:54 America/New_York] PHP Warning:  require(./../../../dbConnect.inc): failed to open stream: No such file or directory in /home/kjo4622/www/iste240/project2/home.php on line 5
[02-Dec-2019 16:30:54 America/New_York] PHP Fatal error:  require(): Failed opening required './../../../dbConnect.inc' (include_path='.:/usr/local/php5/RIT/includes') in /home/kjo4622/www/iste240/project2/home.php on line 5
[02-Dec-2019 21:34:33 UTC] PHP Warning:  Module 'mysqli' already loaded in Unknown on line 0
[02-Dec-2019 16:34:33 America/New_York] PHP Warning:  require(./../../../dbConnect.inc): failed to open stream: No such file or directory in /home/kjo4622/www/iste240/project2/home.php on line 5
[02-Dec-2019 16:34:33 America/New_York] PHP Fatal error:  require(): Failed opening required './../../../dbConnect.inc' (include_path='.:/usr/local/php5/RIT/includes') in /home/kjo4622/www/iste240/project2/home.php on line 5
[02-Dec-2019 21:34:34 UTC] PHP Warning:  Module 'mysqli' already loaded in Unknown on line 0
[02-Dec-2019 16:34:34 America/New_York] PHP Warning:  require(./../../../dbConnect.inc): failed to open stream: No such file or directory in /home/kjo4622/www/iste240/project2/home.php on line 5
[02-Dec-2019 16:34:34 America/New_York] PHP Fatal error:  require(): Failed opening required './../../../dbConnect.inc' (include_path='.:/usr/local/php5/RIT/includes') in /home/kjo4622/www/iste240/project2/home.php on line 5
[02-Dec-2019 21:38:49 UTC] PHP Warning:  Module 'mysqli' already loaded in Unknown on line 0
[02-Dec-2019 16:38:49 America/New_York] PHP Warning:  require(./../../../dbConnect.inc): failed to open stream: No such file or directory in /home/kjo4622/www/iste240/project2/home.php on line 15
[02-Dec-2019 16:38:49 America/New_York] PHP Fatal error:  require(): Failed opening required './../../../dbConnect.inc' (include_path='.:/usr/local/php5/RIT/includes') in /home/kjo4622/www/iste240/project2/home.php on line 15
[02-Dec-2019 21:38:51 UTC] PHP Warning:  Module 'mysqli' already loaded in Unknown on line 0
[02-Dec-2019 16:38:51 America/New_York] PHP Warning:  require(./../../../dbConnect.inc): failed to open stream: No such file or directory in /home/kjo4622/www/iste240/project2/home.php on line 15
[02-Dec-2019 16:38:51 America/New_York] PHP Fatal error:  require(): Failed opening required './../../../dbConnect.inc' (include_path='.:/usr/local/php5/RIT/includes') in /home/kjo4622/www/iste240/project2/home.php on line 15
[02-Dec-2019 21:38:51 UTC] PHP Warning:  Module 'mysqli' already loaded in Unknown on line 0
[02-Dec-2019 16:38:51 America/New_York] PHP Warning:  require(./../../../dbConnect.inc): failed to open stream: No such file or directory in /home/kjo4622/www/iste240/project2/home.php on line 15
[02-Dec-2019 16:38:51 America/New_York] PHP Fatal error:  require(): Failed opening required './../../../dbConnect.inc' (include_path='.:/usr/local/php5/RIT/includes') in /home/kjo4622/www/iste240/project2/home.php on line 15
[02-Dec-2019 21:38:51 UTC] PHP Warning:  Module 'mysqli' already loaded in Unknown on line 0
[02-Dec-2019 16:38:51 America/New_York] PHP Warning:  require(./../../../dbConnect.inc): failed to open stream: No such file or directory in /home/kjo4622/www/iste240/project2/home.php on line 15
[02-Dec-2019 16:38:51 America/New_York] PHP Fatal error:  require(): Failed opening required './../../../dbConnect.inc' (include_path='.:/usr/local/php5/RIT/includes') in /home/kjo4622/www/iste240/project2/home.php on line 15
[02-Dec-2019 21:38:52 UTC] PHP Warning:  Module 'mysqli' already loaded in Unknown on line 0
[02-Dec-2019 16:38:52 America/New_York] PHP Warning:  require(./../../../dbConnect.inc): failed to open stream: No such file or directory in /home/kjo4622/www/iste240/project2/home.php on line 15
[02-Dec-2019 16:38:52 America/New_York] PHP Fatal error:  require(): Failed opening required './../../../dbConnect.inc' (include_path='.:/usr/local/php5/RIT/includes') in /home/kjo4622/www/iste240/project2/home.php on line 15
[02-Dec-2019 21:38:52 UTC] PHP Warning:  Module 'mysqli' already loaded in Unknown on line 0
[02-Dec-2019 16:38:52 America/New_York] PHP Warning:  require(./../../../dbConnect.inc): failed to open stream: No such file or directory in /home/kjo4622/www/iste240/project2/home.php on line 15
[02-Dec-2019 16:38:52 America/New_York] PHP Fatal error:  require(): Failed opening required './../../../dbConnect.inc' (include_path='.:/usr/local/php5/RIT/includes') in /home/kjo4622/www/iste240/project2/home.php on line 15
[02-Dec-2019 21:38:52 UTC] PHP Warning:  Module 'mysqli' already loaded in Unknown on line 0
[02-Dec-2019 16:38:52 America/New_York] PHP Warning:  require(./../../../dbConnect.inc): failed to open stream: No such file or directory in /home/kjo4622/www/iste240/project2/home.php on line 15
[02-Dec-2019 16:38:52 America/New_York] PHP Fatal error:  require(): Failed opening required './../../../dbConnect.inc' (include_path='.:/usr/local/php5/RIT/includes') in /home/kjo4622/www/iste240/project2/home.php on line 15
[02-Dec-2019 21:38:52 UTC] PHP Warning:  Module 'mysqli' already loaded in Unknown on line 0
[02-Dec-2019 16:38:52 America/New_York] PHP Warning:  require(./../../../dbConnect.inc): failed to open stream: No such file or directory in /home/kjo4622/www/iste240/project2/home.php on line 15
[02-Dec-2019 16:38:52 America/New_York] PHP Fatal error:  require(): Failed opening required './../../../dbConnect.inc' (include_path='.:/usr/local/php5/RIT/includes') in /home/kjo4622/www/iste240/project2/home.php on line 15
[02-Dec-2019 21:38:52 UTC] PHP Warning:  Module 'mysqli' already loaded in Unknown on line 0
[02-Dec-2019 16:38:52 America/New_York] PHP Warning:  require(./../../../dbConnect.inc): failed to open stream: No such file or directory in /home/kjo4622/www/iste240/project2/home.php on line 15
[02-Dec-2019 16:38:52 America/New_York] PHP Fatal error:  require(): Failed opening required './../../../dbConnect.inc' (include_path='.:/usr/local/php5/RIT/includes') in /home/kjo4622/www/iste240/project2/home.php on line 15
[02-Dec-2019 21:38:53 UTC] PHP Warning:  Module 'mysqli' already loaded in Unknown on line 0
[02-Dec-2019 16:38:53 America/New_York] PHP Warning:  require(./../../../dbConnect.inc): failed to open stream: No such file or directory in /home/kjo4622/www/iste240/project2/home.php on line 15
[02-Dec-2019 16:38:53 America/New_York] PHP Fatal error:  require(): Failed opening required './../../../dbConnect.inc' (include_path='.:/usr/local/php5/RIT/includes') in /home/kjo4622/www/iste240/project2/home.php on line 15
[02-Dec-2019 21:38:53 UTC] PHP Warning:  Module 'mysqli' already loaded in Unknown on line 0
[02-Dec-2019 16:38:53 America/New_York] PHP Warning:  require(./../../../dbConnect.inc): failed to open stream: No such file or directory in /home/kjo4622/www/iste240/project2/home.php on line 15
[02-Dec-2019 16:38:53 America/New_York] PHP Fatal error:  require(): Failed opening required './../../../dbConnect.inc' (include_path='.:/usr/local/php5/RIT/includes') in /home/kjo4622/www/iste240/project2/home.php on line 15
[02-Dec-2019 21:38:53 UTC] PHP Warning:  Module 'mysqli' already loaded in Unknown on line 0
[02-Dec-2019 16:38:53 America/New_York] PHP Warning:  require(./../../../dbConnect.inc): failed to open stream: No such file or directory in /home/kjo4622/www/iste240/project2/home.php on line 15
[02-Dec-2019 16:38:53 America/New_York] PHP Fatal error:  require(): Failed opening required './../../../dbConnect.inc' (include_path='.:/usr/local/php5/RIT/includes') in /home/kjo4622/www/iste240/project2/home.php on line 15
[02-Dec-2019 21:38:53 UTC] PHP Warning:  Module 'mysqli' already loaded in Unknown on line 0
[02-Dec-2019 16:38:54 America/New_York] PHP Warning:  require(./../../../dbConnect.inc): failed to open stream: No such file or directory in /home/kjo4622/www/iste240/project2/home.php on line 15
[02-Dec-2019 16:38:54 America/New_York] PHP Fatal error:  require(): Failed opening required './../../../dbConnect.inc' (include_path='.:/usr/local/php5/RIT/includes') in /home/kjo4622/www/iste240/project2/home.php on line 15
[02-Dec-2019 21:38:54 UTC] PHP Warning:  Module 'mysqli' already loaded in Unknown on line 0
[02-Dec-2019 16:38:54 America/New_York] PHP Warning:  require(./../../../dbConnect.inc): failed to open stream: No such file or directory in /home/kjo4622/www/iste240/project2/home.php on line 15
[02-Dec-2019 16:38:54 America/New_York] PHP Fatal error:  require(): Failed opening required './../../../dbConnect.inc' (include_path='.:/usr/local/php5/RIT/includes') in /home/kjo4622/www/iste240/project2/home.php on line 15
[22-Dec-2019 04:11:48 UTC] PHP Warning:  Module 'mysqli' already loaded in Unknown on line 0
[22-Dec-2019 04:20:48 UTC] PHP Warning:  Module 'mysqli' already loaded in Unknown on line 0
[22-Dec-2019 04:21:05 UTC] PHP Warning:  Module 'mysqli' already loaded in Unknown on line 0
[22-Dec-2019 04:21:22 UTC] PHP Warning:  Module 'mysqli' already loaded in Unknown on line 0
[22-Dec-2019 04:21:37 UTC] PHP Warning:  Module 'mysqli' already loaded in Unknown on line 0
[22-Dec-2019 04:23:49 UTC] PHP Warning:  Module 'mysqli' already loaded in Unknown on line 0
[22-Dec-2019 04:24:03 UTC] PHP Warning:  Module 'mysqli' already loaded in Unknown on line 0
[23-Dec-2019 15:34:41 UTC] PHP Warning:  Module 'mysqli' already loaded in Unknown on line 0
[11-Feb-2020 20:48:44 UTC] PHP Warning:  Module 'mysqli' already loaded in Unknown on line 0
[17-Jun-2021 17:26:54 UTC] PHP Warning:  Module 'mysqli' already loaded in Unknown on line 0
[17-Jun-2021 17:43:30 UTC] PHP Warning:  Module 'mysqli' already loaded in Unknown on line 0
[17-Jun-2021 13:43:30 America/New_York] PHP Warning:  require(./../../../dbConnect.inc): failed to open stream: No such file or directory in /home/kjo4622/www/PHP/index3POST.php on line 6
[17-Jun-2021 13:43:30 America/New_York] PHP Fatal error:  require(): Failed opening required './../../../dbConnect.inc' (include_path='.:/usr/local/php5/RIT/includes') in /home/kjo4622/www/PHP/index3POST.php on line 6
[17-Jun-2021 17:43:40 UTC] PHP Warning:  Module 'mysqli' already loaded in Unknown on line 0
[17-Jun-2021 13:43:40 America/New_York] PHP Warning:  require(./../../../dbConnect.inc): failed to open stream: No such file or directory in /home/kjo4622/www/PHP/index3POST.php on line 6
[17-Jun-2021 13:43:40 America/New_York] PHP Fatal error:  require(): Failed opening required './../../../dbConnect.inc' (include_path='.:/usr/local/php5/RIT/includes') in /home/kjo4622/www/PHP/index3POST.php on line 6
[17-Jun-2021 17:43:49 UTC] PHP Warning:  Module 'mysqli' already loaded in Unknown on line 0
[17-Jun-2021 13:43:49 America/New_York] PHP Warning:  require(./../../../dbConnect.inc): failed to open stream: No such file or directory in /home/kjo4622/www/PHP/index3POST.php on line 6
[17-Jun-2021 13:43:49 America/New_York] PHP Fatal error:  require(): Failed opening required './../../../dbConnect.inc' (include_path='.:/usr/local/php5/RIT/includes') in /home/kjo4622/www/PHP/index3POST.php on line 6
[17-Jun-2021 17:43:50 UTC] PHP Warning:  Module 'mysqli' already loaded in Unknown on line 0
[17-Jun-2021 13:43:50 America/New_York] PHP Warning:  require(./../../../dbConnect.inc): failed to open stream: No such file or directory in /home/kjo4622/www/PHP/index3POST.php on line 6
[17-Jun-2021 13:43:50 America/New_York] PHP Fatal error:  require(): Failed opening required './../../../dbConnect.inc' (include_path='.:/usr/local/php5/RIT/includes') in /home/kjo4622/www/PHP/index3POST.php on line 6
[17-Jun-2021 18:20:40 UTC] PHP Warning:  Module 'mysqli' already loaded in Unknown on line 0
[18-Jun-2021 13:22:40 UTC] PHP Warning:  Module 'mysqli' already loaded in Unknown on line 0
[18-Jun-2021 13:26:51 UTC] PHP Warning:  Module 'mysqli' already loaded in Unknown on line 0
[18-Jun-2021 13:28:32 UTC] PHP Warning:  Module 'mysqli' already loaded in Unknown on line 0
[18-Jun-2021 13:43:52 UTC] PHP Warning:  Module 'mysqli' already loaded in Unknown on line 0
[18-Jun-2021 13:54:45 UTC] PHP Warning:  Module 'mysqli' already loaded in Unknown on line 0
[18-Jun-2021 09:54:45 America/New_York] PHP Notice:  Undefined index: rate in /home/kjo4622/www/PHP/survey_thankyou.php on line 6
[18-Jun-2021 13:58:29 UTC] PHP Warning:  Module 'mysqli' already loaded in Unknown on line 0
[18-Jun-2021 09:58:29 America/New_York] PHP Notice:  Undefined index: rate in /home/kjo4622/www/PHP/survey_thankyou.php on line 6
[18-Jun-2021 14:02:53 UTC] PHP Warning:  Module 'mysqli' already loaded in Unknown on line 0
[18-Jun-2021 14:07:47 UTC] PHP Warning:  Module 'mysqli' already loaded in Unknown on line 0
[18-Jun-2021 14:13:23 UTC] PHP Warning:  Module 'mysqli' already loaded in Unknown on line 0
[18-Jun-2021 10:13:23 America/New_York] PHP Notice:  Undefined index: radio in /home/kjo4622/www/PHP/survey_thankyou.php on line 5
